<?xml version="1.0" encoding="UTF-8"?>
<testsuite xmlns:xsi="http://www.w3.org/2001/XMLSchema-instance" xsi:noNamespaceSchemaLocation="https://maven.apache.org/surefire/maven-surefire-plugin/xsd/surefire-test-report.xsd" name="TestSuite" time="0.322" tests="6" errors="0" skipped="0" failures="0">
  <properties>
[...]
</properties>
  <testcase name="IOSApps" classname="qaclickacademy.AppiumTest" time="0.005"/>
  <testcase name="NativeAPpAndroid" classname="qaclickacademy.AppiumTest" time="0.001"/>
  <testcase name="deleteTwitter" classname="qaclickacademy.RESTAPITest" time="0.001"/>
  <testcase name="postJira" classname="qaclickacademy.RESTAPITest" time="0.001"/>
  <testcase name="BrowserAUtomation" classname="qaclickacademy.SeleniumTest" time="0"/>
  <testcase name="elementsUi" classname="qaclickacademy.SeleniumTest" time="0.001"/>
</testsuite>